2021-08-10 16:21:29,674 - INFO : Section analysis initiated with arguments parsed below.
2021-08-10 16:21:29,674 - INFO : Namespace(curvature=False, demo_real_curv=False, demo_real_section=False, input_directory='/mnt/d/Documents/Research/fib/140025/140025_output/tiff', jobs=16, maxsize=159, minsize=20, output_directory='/mnt/d/Documents/Research/', raw2gray=False, resolution_mm=132, resolution_mu=4.25, save_img=True, section=True, window_size=None, window_unit='px', within_element=False)
2021-08-10 16:21:29,674 - INFO : Reading image files in the input directory. 
2021-08-10 16:21:29,703 - INFO : Iterating over the input directory for TIFF images. 
2021-08-10 16:21:29,712 - INFO : TIFF images were found in the input directory. 
/mnt/d/Documents/Research/fib/140025/140025_output/tiff/140025_A_1.tiff
/mnt/d/Documents/Research/fib/140025/140025_output/tiff/140025_A_2.tiff
/mnt/d/Documents/Research/fib/140025/140025_output/tiff/140025_A_3.tiff
/mnt/d/Documents/Research/fib/140025/140025_output/tiff/140025_A_4.tiff
/mnt/d/Documents/Research/fib/140025/140025_output/tiff/140025_A_5.tiff
/mnt/d/Documents/Research/fib/140025/140025_output/tiff/140025_A_6.tiff
/mnt/d/Documents/Research/fib/140025/140025_output/tiff/140025_B_1.tiff
/mnt/d/Documents/Research/fib/140025/140025_output/tiff/140025_B_2.tiff
2021-08-10 16:21:29,712 - INFO : Making the output directory if needed.
2021-08-10 16:21:29,712 - INFO : No corresponding output directory found: /mnt/d/Documents/Research/Aug10_1621_fibermorph_section_analysis
2021-08-10 16:21:29,725 - INFO : The output directory has been created: /mnt/d/Documents/Research/Aug10_1621_fibermorph_section_analysis
2021-08-10 16:21:31,151 - INFO : Section analysis for 140025_A_2.tiff has been started
2021-08-10 16:21:31,156 - INFO : Section analysis for 140025_A_4.tiff has been started
2021-08-10 16:21:31,158 - INFO : Section analysis for 140025_A_1.tiff has been started
2021-08-10 16:21:31,164 - INFO : Section analysis for 140025_A_3.tiff has been started
2021-08-10 16:21:31,193 - INFO : Section analysis for 140025_A_5.tiff has been started
2021-08-10 16:21:31,214 - INFO : Section analysis for 140025_B_1.tiff has been started
2021-08-10 16:21:31,240 - INFO : Section analysis for 140025_A_6.tiff has been started
2021-08-10 16:21:31,259 - INFO : Section analysis for 140025_B_2.tiff has been started
2021-08-10 16:21:46,207 - INFO : Making the output directory if needed.
2021-08-10 16:21:46,207 - INFO : Making the output directory if needed.
2021-08-10 16:21:46,208 - INFO : Making the output directory if needed.
2021-08-10 16:21:46,208 - INFO : No corresponding output directory found: /mnt/d/Documents/Research/Aug10_1621_fibermorph_section_analysis/results
2021-08-10 16:21:46,208 - INFO : No corresponding output directory found: /mnt/d/Documents/Research/Aug10_1621_fibermorph_section_analysis/results
2021-08-10 16:21:46,208 - INFO : No corresponding output directory found: /mnt/d/Documents/Research/Aug10_1621_fibermorph_section_analysis/results
2021-08-10 16:21:46,208 - INFO : The output directory has been created: /mnt/d/Documents/Research/Aug10_1621_fibermorph_section_analysis/results
2021-08-10 16:21:46,208 - INFO : The output directory has been created: /mnt/d/Documents/Research/Aug10_1621_fibermorph_section_analysis/results
2021-08-10 16:21:46,209 - INFO : The output directory has been created: /mnt/d/Documents/Research/Aug10_1621_fibermorph_section_analysis/results
2021-08-10 16:21:46,249 - INFO : Making the output directory if needed.
2021-08-10 16:21:46,250 - INFO : The output directory already exists: /mnt/d/Documents/Research/Aug10_1621_fibermorph_section_analysis/results
2021-08-10 16:21:46,297 - INFO : Making the output directory if needed.
2021-08-10 16:21:46,297 - INFO : The output directory already exists: /mnt/d/Documents/Research/Aug10_1621_fibermorph_section_analysis/results
2021-08-10 16:21:46,320 - INFO : Making the output directory if needed.
2021-08-10 16:21:46,320 - INFO : The output directory already exists: /mnt/d/Documents/Research/Aug10_1621_fibermorph_section_analysis/results
2021-08-10 16:21:46,378 - INFO : 140025_A_2_section_cut.jpg has been saved to its corresponding directory. 
2021-08-10 16:21:46,378 - INFO : 140025_A_5_section_cut.jpg has been saved to its corresponding directory. 
2021-08-10 16:21:46,378 - INFO : Section analysis for 140025_A_2.tiff has been finished
2021-08-10 16:21:46,378 - INFO : 140025_A_6_section_cut.jpg has been saved to its corresponding directory. 
2021-08-10 16:21:46,378 - INFO : Section analysis for 140025_A_5.tiff has been finished
2021-08-10 16:21:46,378 - INFO : Section analysis for 140025_A_6.tiff has been finished
2021-08-10 16:21:46,383 - INFO : 140025_B_2_section_cut.jpg has been saved to its corresponding directory. 
2021-08-10 16:21:46,383 - INFO : 140025_A_4_section_cut.jpg has been saved to its corresponding directory. 
2021-08-10 16:21:46,384 - INFO : Section analysis for 140025_B_2.tiff has been finished
2021-08-10 16:21:46,384 - INFO : Section analysis for 140025_A_4.tiff has been finished
2021-08-10 16:21:46,384 - INFO : 140025_A_3_section_cut.jpg has been saved to its corresponding directory. 
2021-08-10 16:21:46,384 - INFO : Section analysis for 140025_A_3.tiff has been finished
2021-08-10 16:21:46,444 - INFO : Making the output directory if needed.
2021-08-10 16:21:46,445 - INFO : The output directory already exists: /mnt/d/Documents/Research/Aug10_1621_fibermorph_section_analysis/results
2021-08-10 16:21:46,452 - INFO : 140025_B_1_section_cut.jpg has been saved to its corresponding directory. 
2021-08-10 16:21:46,452 - INFO : Section analysis for 140025_B_1.tiff has been finished
2021-08-10 16:21:46,472 - INFO : Making the output directory if needed.
2021-08-10 16:21:46,472 - INFO : The output directory already exists: /mnt/d/Documents/Research/Aug10_1621_fibermorph_section_analysis/results
2021-08-10 16:21:46,479 - INFO : 140025_A_1_section_cut.jpg has been saved to its corresponding directory. 
2021-08-10 16:21:46,479 - INFO : Section analysis for 140025_A_1.tiff has been finished
2021-08-10 16:21:46,484 - INFO : Processing data for csv.
2021-08-10 16:21:46,564 - INFO : The summary has been written onto a csv file: /mnt/d/Documents/Research/Aug10_1621_fibermorph_section_analysis/summary_section_data.csv
2021-08-10 16:21:46,565 - INFO : 

Complete analysis took: 0h: 00m: 16s


2021-08-10 16:21:46,565 - INFO : Section analysis terminated. 

2021-08-10 16:24:28,274 - INFO : Section analysis initiated with arguments parsed below.
2021-08-10 16:24:28,274 - INFO : Namespace(curvature=False, demo_real_curv=False, demo_real_section=False, input_directory='/mnt/d/Documents/Research/140025sectiontiff/', jobs=16, maxsize=159, minsize=20, output_directory='/mnt/d/Documents/Research/', raw2gray=False, resolution_mm=132, resolution_mu=4.25, save_img=True, section=True, window_size=None, window_unit='px', within_element=False)
2021-08-10 16:24:28,274 - INFO : Reading image files in the input directory. 
2021-08-10 16:24:28,274 - INFO : Iterating over the input directory for TIFF images. 
2021-08-10 16:24:28,274 - INFO : TIFF images were found in the input directory. 
/mnt/d/Documents/Research/140025sectiontiff/140025_A_1.tiff
/mnt/d/Documents/Research/140025sectiontiff/140025_A_2.tiff
/mnt/d/Documents/Research/140025sectiontiff/140025_A_3.tiff
/mnt/d/Documents/Research/140025sectiontiff/140025_A_4.tiff
/mnt/d/Documents/Research/140025sectiontiff/140025_A_5.tiff
/mnt/d/Documents/Research/140025sectiontiff/140025_A_6.tiff
/mnt/d/Documents/Research/140025sectiontiff/140025_B_1.tiff
/mnt/d/Documents/Research/140025sectiontiff/140025_B_2.tiff
2021-08-10 16:24:28,274 - INFO : Making the output directory if needed.
2021-08-10 16:24:28,274 - INFO : No corresponding output directory found: /mnt/d/Documents/Research/Aug10_1624_fibermorph_section_analysis
2021-08-10 16:24:28,274 - INFO : The output directory has been created: /mnt/d/Documents/Research/Aug10_1624_fibermorph_section_analysis
2021-08-10 16:24:29,550 - INFO : Section analysis for 140025_A_3.tiff has been started
2021-08-10 16:24:29,568 - INFO : Section analysis for 140025_A_2.tiff has been started
2021-08-10 16:24:29,575 - INFO : Section analysis for 140025_A_5.tiff has been started
2021-08-10 16:24:29,597 - INFO : Section analysis for 140025_A_4.tiff has been started
2021-08-10 16:24:29,606 - INFO : Section analysis for 140025_A_1.tiff has been started
2021-08-10 16:24:29,627 - INFO : Section analysis for 140025_A_6.tiff has been started
2021-08-10 16:24:29,637 - INFO : Section analysis for 140025_B_1.tiff has been started
2021-08-10 16:24:29,711 - INFO : Section analysis for 140025_B_2.tiff has been started
2021-08-10 16:24:40,739 - INFO : Making the output directory if needed.
2021-08-10 16:24:40,739 - INFO : No corresponding output directory found: /mnt/d/Documents/Research/Aug10_1624_fibermorph_section_analysis/results
2021-08-10 16:24:40,739 - INFO : The output directory has been created: /mnt/d/Documents/Research/Aug10_1624_fibermorph_section_analysis/results
2021-08-10 16:24:40,745 - INFO : 140025_A_3_section_cut.jpg has been saved to its corresponding directory. 
2021-08-10 16:24:40,745 - INFO : Section analysis for 140025_A_3.tiff has been finished
2021-08-10 16:24:41,022 - INFO : Making the output directory if needed.
2021-08-10 16:24:41,022 - INFO : The output directory already exists: /mnt/d/Documents/Research/Aug10_1624_fibermorph_section_analysis/results
2021-08-10 16:24:41,028 - INFO : 140025_A_4_section_cut.jpg has been saved to its corresponding directory. 
2021-08-10 16:24:41,028 - INFO : Section analysis for 140025_A_4.tiff has been finished
2021-08-10 16:24:41,045 - INFO : Making the output directory if needed.
2021-08-10 16:24:41,045 - INFO : The output directory already exists: /mnt/d/Documents/Research/Aug10_1624_fibermorph_section_analysis/results
2021-08-10 16:24:41,052 - INFO : 140025_A_2_section_cut.jpg has been saved to its corresponding directory. 
2021-08-10 16:24:41,052 - INFO : Section analysis for 140025_A_2.tiff has been finished
2021-08-10 16:24:41,080 - INFO : Making the output directory if needed.
2021-08-10 16:24:41,080 - INFO : The output directory already exists: /mnt/d/Documents/Research/Aug10_1624_fibermorph_section_analysis/results
2021-08-10 16:24:41,086 - INFO : 140025_A_6_section_cut.jpg has been saved to its corresponding directory. 
2021-08-10 16:24:41,086 - INFO : Section analysis for 140025_A_6.tiff has been finished
2021-08-10 16:24:41,098 - INFO : Making the output directory if needed.
2021-08-10 16:24:41,098 - INFO : The output directory already exists: /mnt/d/Documents/Research/Aug10_1624_fibermorph_section_analysis/results
2021-08-10 16:24:41,104 - INFO : 140025_A_1_section_cut.jpg has been saved to its corresponding directory. 
2021-08-10 16:24:41,104 - INFO : Section analysis for 140025_A_1.tiff has been finished
2021-08-10 16:24:41,121 - INFO : Making the output directory if needed.
2021-08-10 16:24:41,121 - INFO : The output directory already exists: /mnt/d/Documents/Research/Aug10_1624_fibermorph_section_analysis/results
2021-08-10 16:24:41,127 - INFO : 140025_B_1_section_cut.jpg has been saved to its corresponding directory. 
2021-08-10 16:24:41,127 - INFO : Section analysis for 140025_B_1.tiff has been finished
2021-08-10 16:24:41,131 - INFO : Making the output directory if needed.
2021-08-10 16:24:41,132 - INFO : The output directory already exists: /mnt/d/Documents/Research/Aug10_1624_fibermorph_section_analysis/results
2021-08-10 16:24:41,137 - INFO : 140025_A_5_section_cut.jpg has been saved to its corresponding directory. 
2021-08-10 16:24:41,137 - INFO : Section analysis for 140025_A_5.tiff has been finished
2021-08-10 16:24:41,477 - INFO : Making the output directory if needed.
2021-08-10 16:24:41,477 - INFO : The output directory already exists: /mnt/d/Documents/Research/Aug10_1624_fibermorph_section_analysis/results
2021-08-10 16:24:41,482 - INFO : 140025_B_2_section_cut.jpg has been saved to its corresponding directory. 
2021-08-10 16:24:41,482 - INFO : Section analysis for 140025_B_2.tiff has been finished
2021-08-10 16:24:41,486 - INFO : Processing data for csv.
2021-08-10 16:24:41,494 - INFO : The summary has been written onto a csv file: /mnt/d/Documents/Research/Aug10_1624_fibermorph_section_analysis/summary_section_data.csv
2021-08-10 16:24:41,495 - INFO : 

Complete analysis took: 0h: 00m: 13s


2021-08-10 16:24:41,495 - INFO : Section analysis terminated. 

