2021-10-05 11:59:02,246 - INFO : Making the output directory if needed.
2021-10-05 11:59:02,246 - INFO : Making the output directory if needed.
2021-10-05 11:59:02,246 - INFO : No corresponding output directory found: /Users/tpl5158/Desktop/test_demo/fibermorph_demo
2021-10-05 11:59:02,246 - INFO : No corresponding output directory found: /Users/tpl5158/Desktop/test_demo/fibermorph_demo
2021-10-05 11:59:02,246 - INFO : The output directory has been created: /Users/tpl5158/Desktop/test_demo/fibermorph_demo
2021-10-05 11:59:02,246 - INFO : The output directory has been created: /Users/tpl5158/Desktop/test_demo/fibermorph_demo
2021-10-05 11:59:02,247 - INFO : Making the output directory if needed.
2021-10-05 11:59:02,247 - INFO : Making the output directory if needed.
2021-10-05 11:59:02,247 - INFO : Making the output directory if needed.
2021-10-05 11:59:02,247 - INFO : No corresponding output directory found: /Users/tpl5158/Desktop/test_demo/fibermorph_demo/tmpdata
2021-10-05 11:59:02,247 - INFO : No corresponding output directory found: /Users/tpl5158/Desktop/test_demo/fibermorph_demo/tmpdata
2021-10-05 11:59:02,247 - INFO : No corresponding output directory found: /Users/tpl5158/Desktop/test_demo/fibermorph_demo/tmpdata
2021-10-05 11:59:02,247 - INFO : The output directory has been created: /Users/tpl5158/Desktop/test_demo/fibermorph_demo/tmpdata
2021-10-05 11:59:02,247 - INFO : The output directory has been created: /Users/tpl5158/Desktop/test_demo/fibermorph_demo/tmpdata
2021-10-05 11:59:02,247 - INFO : The output directory has been created: /Users/tpl5158/Desktop/test_demo/fibermorph_demo/tmpdata
2021-10-05 11:59:02,247 - INFO : Making the output directory if needed.
2021-10-05 11:59:02,247 - INFO : Making the output directory if needed.
2021-10-05 11:59:02,247 - INFO : Making the output directory if needed.
2021-10-05 11:59:02,247 - INFO : No corresponding output directory found: /Users/tpl5158/Desktop/test_demo/fibermorph_demo/tmpdata/section
2021-10-05 11:59:02,247 - INFO : No corresponding output directory found: /Users/tpl5158/Desktop/test_demo/fibermorph_demo/tmpdata/section
2021-10-05 11:59:02,247 - INFO : No corresponding output directory found: /Users/tpl5158/Desktop/test_demo/fibermorph_demo/tmpdata/section
2021-10-05 11:59:02,248 - INFO : The output directory has been created: /Users/tpl5158/Desktop/test_demo/fibermorph_demo/tmpdata/section
2021-10-05 11:59:02,248 - INFO : The output directory has been created: /Users/tpl5158/Desktop/test_demo/fibermorph_demo/tmpdata/section
2021-10-05 11:59:02,248 - INFO : The output directory has been created: /Users/tpl5158/Desktop/test_demo/fibermorph_demo/tmpdata/section
2021-10-05 11:59:04,853 - INFO : Making the output directory if needed.
2021-10-05 11:59:04,853 - INFO : Making the output directory if needed.
2021-10-05 11:59:04,853 - INFO : Making the output directory if needed.
2021-10-05 11:59:04,853 - INFO : No corresponding output directory found: /Users/tpl5158/Desktop/test_demo/fibermorph_demo/Oct05_1159_DemoTest_Section
2021-10-05 11:59:04,853 - INFO : No corresponding output directory found: /Users/tpl5158/Desktop/test_demo/fibermorph_demo/Oct05_1159_DemoTest_Section
2021-10-05 11:59:04,853 - INFO : No corresponding output directory found: /Users/tpl5158/Desktop/test_demo/fibermorph_demo/Oct05_1159_DemoTest_Section
2021-10-05 11:59:04,853 - INFO : The output directory has been created: /Users/tpl5158/Desktop/test_demo/fibermorph_demo/Oct05_1159_DemoTest_Section
2021-10-05 11:59:04,853 - INFO : The output directory has been created: /Users/tpl5158/Desktop/test_demo/fibermorph_demo/Oct05_1159_DemoTest_Section
2021-10-05 11:59:04,853 - INFO : The output directory has been created: /Users/tpl5158/Desktop/test_demo/fibermorph_demo/Oct05_1159_DemoTest_Section
2021-10-05 11:59:14,973 - INFO : Section analysis initiated with arguments parsed below.
2021-10-05 11:59:14,973 - INFO : Section analysis initiated with arguments parsed below.
2021-10-05 11:59:14,973 - INFO : Section analysis initiated with arguments parsed below.
2021-10-05 11:59:14,973 - INFO : Section analysis initiated with arguments parsed below.
2021-10-05 11:59:14,973 - INFO : Namespace(curvature=False, demo_real_curv=False, demo_real_section=True, input_directory=PosixPath('/Users/tpl5158/Desktop/test_demo/fibermorph_demo/tmpdata/section'), jobs=6, maxsize=150, minsize=20, output_directory='/Users/tpl5158/Desktop/test_demo', raw2gray=False, resolution_mm=132, resolution_mu=4.25, save_img=True, section=False, window_size=None, window_unit='px', within_element=False)
2021-10-05 11:59:14,973 - INFO : Namespace(curvature=False, demo_real_curv=False, demo_real_section=True, input_directory=PosixPath('/Users/tpl5158/Desktop/test_demo/fibermorph_demo/tmpdata/section'), jobs=6, maxsize=150, minsize=20, output_directory='/Users/tpl5158/Desktop/test_demo', raw2gray=False, resolution_mm=132, resolution_mu=4.25, save_img=True, section=False, window_size=None, window_unit='px', within_element=False)
2021-10-05 11:59:14,973 - INFO : Namespace(curvature=False, demo_real_curv=False, demo_real_section=True, input_directory=PosixPath('/Users/tpl5158/Desktop/test_demo/fibermorph_demo/tmpdata/section'), jobs=6, maxsize=150, minsize=20, output_directory='/Users/tpl5158/Desktop/test_demo', raw2gray=False, resolution_mm=132, resolution_mu=4.25, save_img=True, section=False, window_size=None, window_unit='px', within_element=False)
2021-10-05 11:59:14,973 - INFO : Namespace(curvature=False, demo_real_curv=False, demo_real_section=True, input_directory=PosixPath('/Users/tpl5158/Desktop/test_demo/fibermorph_demo/tmpdata/section'), jobs=6, maxsize=150, minsize=20, output_directory='/Users/tpl5158/Desktop/test_demo', raw2gray=False, resolution_mm=132, resolution_mu=4.25, save_img=True, section=False, window_size=None, window_unit='px', within_element=False)
2021-10-05 11:59:14,973 - INFO : Reading image files in the input directory. 
2021-10-05 11:59:14,973 - INFO : Reading image files in the input directory. 
2021-10-05 11:59:14,973 - INFO : Reading image files in the input directory. 
2021-10-05 11:59:14,973 - INFO : Reading image files in the input directory. 
2021-10-05 11:59:14,973 - INFO : Iterating over the input directory for TIFF images. 
2021-10-05 11:59:14,973 - INFO : Iterating over the input directory for TIFF images. 
2021-10-05 11:59:14,973 - INFO : Iterating over the input directory for TIFF images. 
2021-10-05 11:59:14,973 - INFO : Iterating over the input directory for TIFF images. 
2021-10-05 11:59:14,974 - INFO : TIFF images were found in the input directory. 
/Users/tpl5158/Desktop/test_demo/fibermorph_demo/tmpdata/section/140918_demo_section.tiff
/Users/tpl5158/Desktop/test_demo/fibermorph_demo/tmpdata/section/140918_demo_section2.tiff
2021-10-05 11:59:14,974 - INFO : TIFF images were found in the input directory. 
/Users/tpl5158/Desktop/test_demo/fibermorph_demo/tmpdata/section/140918_demo_section.tiff
/Users/tpl5158/Desktop/test_demo/fibermorph_demo/tmpdata/section/140918_demo_section2.tiff
2021-10-05 11:59:14,974 - INFO : TIFF images were found in the input directory. 
/Users/tpl5158/Desktop/test_demo/fibermorph_demo/tmpdata/section/140918_demo_section.tiff
/Users/tpl5158/Desktop/test_demo/fibermorph_demo/tmpdata/section/140918_demo_section2.tiff
2021-10-05 11:59:14,974 - INFO : TIFF images were found in the input directory. 
/Users/tpl5158/Desktop/test_demo/fibermorph_demo/tmpdata/section/140918_demo_section.tiff
/Users/tpl5158/Desktop/test_demo/fibermorph_demo/tmpdata/section/140918_demo_section2.tiff
2021-10-05 11:59:14,974 - INFO : Making the output directory if needed.
2021-10-05 11:59:14,974 - INFO : Making the output directory if needed.
2021-10-05 11:59:14,974 - INFO : Making the output directory if needed.
2021-10-05 11:59:14,974 - INFO : Making the output directory if needed.
2021-10-05 11:59:14,974 - INFO : No corresponding output directory found: /Users/tpl5158/Desktop/test_demo/Oct05_1159_fibermorph_section_analysis
2021-10-05 11:59:14,974 - INFO : No corresponding output directory found: /Users/tpl5158/Desktop/test_demo/Oct05_1159_fibermorph_section_analysis
2021-10-05 11:59:14,974 - INFO : No corresponding output directory found: /Users/tpl5158/Desktop/test_demo/Oct05_1159_fibermorph_section_analysis
2021-10-05 11:59:14,974 - INFO : No corresponding output directory found: /Users/tpl5158/Desktop/test_demo/Oct05_1159_fibermorph_section_analysis
2021-10-05 11:59:14,974 - INFO : The output directory has been created: /Users/tpl5158/Desktop/test_demo/Oct05_1159_fibermorph_section_analysis
2021-10-05 11:59:14,974 - INFO : The output directory has been created: /Users/tpl5158/Desktop/test_demo/Oct05_1159_fibermorph_section_analysis
2021-10-05 11:59:14,974 - INFO : The output directory has been created: /Users/tpl5158/Desktop/test_demo/Oct05_1159_fibermorph_section_analysis
2021-10-05 11:59:14,974 - INFO : The output directory has been created: /Users/tpl5158/Desktop/test_demo/Oct05_1159_fibermorph_section_analysis
2021-10-05 11:59:16,751 - INFO : Section analysis for 140918_demo_section2.tiff has been started
2021-10-05 11:59:16,757 - INFO : Section analysis for 140918_demo_section.tiff has been started
2021-10-05 11:59:16,861 - INFO : Section analysis terminated. 

2021-10-05 11:59:16,861 - INFO : Section analysis terminated. 

2021-10-05 11:59:16,861 - INFO : Section analysis terminated. 

2021-10-05 11:59:16,861 - INFO : Section analysis terminated. 

